This file contains any messages produced by compilers while
running configure, to aid debugging if configure makes a mistake.

It was created by configure, which was
generated by GNU Autoconf 2.61.  Invocation command line was

  $ ./configure --prefix=/usr/local

## --------- ##
## Platform. ##
## --------- ##

hostname = BEDROCK
uname -m = i686
uname -r = 2.6.31-14-generic
uname -s = Linux
uname -v = #48-Ubuntu SMP Fri Oct 16 14:04:26 UTC 2009

/usr/bin/uname -p = unknown
/bin/uname -X     = unknown

/bin/arch              = unknown
/usr/bin/arch -k       = unknown
/usr/convex/getsysinfo = unknown
/usr/bin/hostinfo      = unknown
/bin/machine           = unknown
/usr/bin/oslevel       = unknown
/bin/universe          = unknown

PATH: /usr/local/sbin
PATH: /usr/local/bin
PATH: /usr/sbin
PATH: /usr/bin
PATH: /sbin
PATH: /bin
PATH: /usr/games


## ----------- ##
## Core tests. ##
## ----------- ##

configure:1837: checking build system type
configure:1855: result: i686-pc-linux-gnu
configure:1877: checking host system type
configure:1892: result: i686-pc-linux-gnu
configure:1914: checking target system type
configure:1929: result: i686-pc-linux-gnu
configure:4315: checking for gcc
configure:4331: found /usr/bin/gcc
configure:4342: result: gcc
configure:4580: checking for C compiler version
configure:4587: gcc --version >&5
gcc (Ubuntu 4.4.1-4ubuntu9) 4.4.1
Copyright (C) 2009 Free Software Foundation, Inc.
This is free software; see the source for copying conditions.  There is NO
warranty; not even for MERCHANTABILITY or FITNESS FOR A PARTICULAR PURPOSE.

configure:4590: $? = 0
configure:4597: gcc -v >&5
Using built-in specs.
Target: i486-linux-gnu
Configured with: ../src/configure -v --with-pkgversion='Ubuntu 4.4.1-4ubuntu9' --with-bugurl=file:///usr/share/doc/gcc-4.4/README.Bugs --enable-languages=c,c++,fortran,objc,obj-c++ --prefix=/usr --enable-shared --enable-multiarch --enable-linker-build-id --with-system-zlib --libexecdir=/usr/lib --without-included-gettext --enable-threads=posix --with-gxx-include-dir=/usr/include/c++/4.4 --program-suffix=-4.4 --enable-nls --enable-clocale=gnu --enable-libstdcxx-debug --enable-objc-gc --enable-targets=all --disable-werror --with-arch-32=i486 --with-tune=generic --enable-checking=release --build=i486-linux-gnu --host=i486-linux-gnu --target=i486-linux-gnu
Thread model: posix
gcc version 4.4.1 (Ubuntu 4.4.1-4ubuntu9) 
configure:4600: $? = 0
configure:4607: gcc -V >&5
gcc: '-V' option must have argument
configure:4610: $? = 1
configure:4633: checking for C compiler default output file name
configure:4660: gcc   -DPROGNAME_TOKEN=error  conftest.c  >&5
configure:4663: $? = 0
configure:4701: result: a.out
configure:4718: checking whether the C compiler works
configure:4728: ./a.out
configure:4731: $? = 0
configure:4748: result: yes
configure:4755: checking whether we are cross compiling
configure:4757: result: no
configure:4760: checking for suffix of executables
configure:4767: gcc -o conftest   -DPROGNAME_TOKEN=error  conftest.c  >&5
configure:4770: $? = 0
configure:4794: result: 
configure:4800: checking for suffix of object files
configure:4826: gcc -c   -DPROGNAME_TOKEN=error conftest.c >&5
configure:4829: $? = 0
configure:4852: result: o
configure:4856: checking whether we are using the GNU C compiler
configure:4885: gcc -c   -DPROGNAME_TOKEN=error conftest.c >&5
configure:4891: $? = 0
configure:4908: result: yes
configure:4913: checking whether gcc accepts -g
configure:4943: gcc -c -g  -DPROGNAME_TOKEN=error conftest.c >&5
configure:4949: $? = 0
configure:5048: result: yes
configure:5065: checking for gcc option to accept ISO C89
configure:5139: gcc  -c -g -O2  -DPROGNAME_TOKEN=error conftest.c >&5
configure:5145: $? = 0
configure:5168: result: none needed
configure:5191: checking how to run the C preprocessor
configure:5231: gcc -E  -DPROGNAME_TOKEN=error conftest.c
configure:5237: $? = 0
configure:5268: gcc -E  -DPROGNAME_TOKEN=error conftest.c
conftest.c:8:28: error: ac_nonexistent.h: No such file or directory
configure:5274: $? = 1
configure: failed program was:
| /* confdefs.h.  */
| #define PACKAGE_NAME ""
| #define PACKAGE_TARNAME ""
| #define PACKAGE_VERSION ""
| #define PACKAGE_STRING ""
| #define PACKAGE_BUGREPORT ""
| /* end confdefs.h.  */
| #include <ac_nonexistent.h>
configure:5307: result: gcc -E
configure:5336: gcc -E  -DPROGNAME_TOKEN=error conftest.c
configure:5342: $? = 0
configure:5373: gcc -E  -DPROGNAME_TOKEN=error conftest.c
conftest.c:8:28: error: ac_nonexistent.h: No such file or directory
configure:5379: $? = 1
configure: failed program was:
| /* confdefs.h.  */
| #define PACKAGE_NAME ""
| #define PACKAGE_TARNAME ""
| #define PACKAGE_VERSION ""
| #define PACKAGE_STRING ""
| #define PACKAGE_BUGREPORT ""
| /* end confdefs.h.  */
| #include <ac_nonexistent.h>
configure:5677: checking whether the C compiler accepts -Wall
configure:5703: gcc -o conftest -g
-O2 -Werror -Wall  -DPROGNAME_TOKEN=error  conftest.c  >&5
configure:5709: $? = 0
configure:5726: result: yes
configure:5763: checking whether the C compiler accepts -W
configure:5789: gcc -o conftest -g
-O2 -Werror -Wall -W  -DPROGNAME_TOKEN=error  conftest.c  >&5
configure:5795: $? = 0
configure:5812: result: yes
configure:5849: checking whether the C compiler accepts -Wpointer-arith
configure:5875: gcc -o conftest -g
-O2 -Werror -Wall -W -Wpointer-arith  -DPROGNAME_TOKEN=error  conftest.c  >&5
configure:5881: $? = 0
configure:5898: result: yes
configure:5935: checking whether the C compiler accepts -Wno-cast-align
configure:5961: gcc -o conftest -g
-O2 -Werror -Wall -W -Wpointer-arith -Wno-cast-align  -DPROGNAME_TOKEN=error  conftest.c  >&5
configure:5967: $? = 0
configure:5984: result: yes
configure:6021: checking whether the C compiler accepts -Wmissing-prototypes
configure:6047: gcc -o conftest -g
-O2 -Werror -Wall -W -Wpointer-arith -Wno-cast-align -Wmissing-prototypes  -DPROGNAME_TOKEN=error  conftest.c  >&5
configure:6053: $? = 0
configure:6070: result: yes
configure:6821: checking whether the C compiler accepts -Wundef
configure:6847: gcc -o conftest -g
-O2 -Werror -Wundef  -DPROGNAME_TOKEN=error  conftest.c  >&5
configure:6853: $? = 0
configure:6870: result: yes
configure:6907: checking whether the C compiler accepts -Wmissing-format-attribute
configure:6933: gcc -o conftest -g
-O2 -Werror -Wundef -Wmissing-format-attribute  -DPROGNAME_TOKEN=error  conftest.c  >&5
configure:6939: $? = 0
configure:6956: result: yes
configure:6993: checking whether the C compiler accepts -Wstrict-prototypes
configure:7019: gcc -o conftest -g
-O2 -Werror -Wundef -Wmissing-format-attribute -Wstrict-prototypes  -DPROGNAME_TOKEN=error  conftest.c  >&5
cc1: warnings being treated as errors
conftest.c:11: error: function declaration isn't a prototype
configure:7025: $? = 1
configure: failed program was:
| /* confdefs.h.  */
| #define PACKAGE_NAME ""
| #define PACKAGE_TARNAME ""
| #define PACKAGE_VERSION ""
| #define PACKAGE_STRING ""
| #define PACKAGE_BUGREPORT ""
| /* end confdefs.h.  */
| 
| int
| main ()
| {
| 
|   ;
|   return 0;
| }
configure:7042: result: no
configure:7079: checking whether the C compiler accepts -Wwrite-strings
configure:7105: gcc -o conftest -g
-O2 -Werror -Wundef -Wmissing-format-attribute -Wwrite-strings  -DPROGNAME_TOKEN=error  conftest.c  >&5
configure:7111: $? = 0
configure:7128: result: yes
configure:7243: checking for g++
configure:7259: found /usr/bin/g++
configure:7270: result: g++
configure:7301: checking for C++ compiler version
configure:7308: g++ --version >&5
g++ (Ubuntu 4.4.1-4ubuntu9) 4.4.1
Copyright (C) 2009 Free Software Foundation, Inc.
This is free software; see the source for copying conditions.  There is NO
warranty; not even for MERCHANTABILITY or FITNESS FOR A PARTICULAR PURPOSE.

configure:7311: $? = 0
configure:7318: g++ -v >&5
Using built-in specs.
Target: i486-linux-gnu
Configured with: ../src/configure -v --with-pkgversion='Ubuntu 4.4.1-4ubuntu9' --with-bugurl=file:///usr/share/doc/gcc-4.4/README.Bugs --enable-languages=c,c++,fortran,objc,obj-c++ --prefix=/usr --enable-shared --enable-multiarch --enable-linker-build-id --with-system-zlib --libexecdir=/usr/lib --without-included-gettext --enable-threads=posix --with-gxx-include-dir=/usr/include/c++/4.4 --program-suffix=-4.4 --enable-nls --enable-clocale=gnu --enable-libstdcxx-debug --enable-objc-gc --enable-targets=all --disable-werror --with-arch-32=i486 --with-tune=generic --enable-checking=release --build=i486-linux-gnu --host=i486-linux-gnu --target=i486-linux-gnu
Thread model: posix
gcc version 4.4.1 (Ubuntu 4.4.1-4ubuntu9) 
configure:7321: $? = 0
configure:7328: g++ -V >&5
g++: '-V' option must have argument
configure:7331: $? = 1
configure:7334: checking whether we are using the GNU C++ compiler
configure:7363: g++ -c   -DPROGNAME_TOKEN=error conftest.cpp >&5
configure:7369: $? = 0
configure:7386: result: yes
configure:7391: checking whether g++ accepts -g
configure:7421: g++ -c -g  -DPROGNAME_TOKEN=error conftest.cpp >&5
configure:7427: $? = 0
configure:7526: result: yes
configure:7925: checking how to run the C++ preprocessor
configure:7961: g++ -E  -DPROGNAME_TOKEN=error conftest.cpp
configure:7967: $? = 0
configure:7998: g++ -E  -DPROGNAME_TOKEN=error conftest.cpp
conftest.cpp:8:28: error: ac_nonexistent.h: No such file or directory
configure:8004: $? = 1
configure: failed program was:
| /* confdefs.h.  */
| #define PACKAGE_NAME ""
| #define PACKAGE_TARNAME ""
| #define PACKAGE_VERSION ""
| #define PACKAGE_STRING ""
| #define PACKAGE_BUGREPORT ""
| /* end confdefs.h.  */
| #include <ac_nonexistent.h>
configure:8037: result: g++ -E
configure:8066: g++ -E  -DPROGNAME_TOKEN=error conftest.cpp
configure:8072: $? = 0
configure:8103: g++ -E  -DPROGNAME_TOKEN=error conftest.cpp
conftest.cpp:8:28: error: ac_nonexistent.h: No such file or directory
configure:8109: $? = 1
configure: failed program was:
| /* confdefs.h.  */
| #define PACKAGE_NAME ""
| #define PACKAGE_TARNAME ""
| #define PACKAGE_VERSION ""
| #define PACKAGE_STRING ""
| #define PACKAGE_BUGREPORT ""
| /* end confdefs.h.  */
| #include <ac_nonexistent.h>
configure:8177: checking whether the C++ compiler accepts -O2
configure:8204: g++ -o conftest  -Werror -O2  -DPROGNAME_TOKEN=error  conftest.cpp  >&5
configure:8210: $? = 0
configure:8227: result: yes
configure:8293: checking whether the C++ compiler accepts -g
configure:8319: g++ -o conftest -O2 -Werror -g  -DPROGNAME_TOKEN=error  conftest.cpp  >&5
configure:8325: $? = 0
configure:8342: result: yes
configure:8406: checking whether the C++ compiler accepts -Wall
configure:8432: g++ -o conftest -O2
-g -Werror -Wall  -DPROGNAME_TOKEN=error  conftest.cpp  >&5
configure:8438: $? = 0
configure:8455: result: yes
configure:8493: checking whether the C++ compiler accepts -W
configure:8519: g++ -o conftest -O2
-g -Werror -Wall -W  -DPROGNAME_TOKEN=error  conftest.cpp  >&5
configure:8525: $? = 0
configure:8542: result: yes
configure:8580: checking whether the C++ compiler accepts -Wpointer-arith
configure:8606: g++ -o conftest -O2
-g -Werror -Wall -W -Wpointer-arith  -DPROGNAME_TOKEN=error  conftest.cpp  >&5
configure:8612: $? = 0
configure:8629: result: yes
configure:8667: checking whether the C++ compiler accepts -Wno-cast-align
configure:8693: g++ -o conftest -O2
-g -Werror -Wall -W -Wpointer-arith -Wno-cast-align  -DPROGNAME_TOKEN=error  conftest.cpp  >&5
configure:8699: $? = 0
configure:8716: result: yes
configure:8754: checking whether the C++ compiler accepts -Woverloaded-virtual
configure:8780: g++ -o conftest -O2
-g -Werror -Wall -W -Wpointer-arith -Wno-cast-align -Woverloaded-virtual  -DPROGNAME_TOKEN=error  conftest.cpp  >&5
configure:8786: $? = 0
configure:8803: result: yes
configure:10144: checking whether the C++ compiler accepts -Wundef
configure:10170: g++ -o conftest -O2
-g -Werror -Wundef  -DPROGNAME_TOKEN=error  conftest.cpp  >&5
configure:10176: $? = 0
configure:10193: result: yes
configure:10231: checking whether the C++ compiler accepts -Wmissing-format-attribute
configure:10257: g++ -o conftest -O2
-g -Werror -Wundef -Wmissing-format-attribute  -DPROGNAME_TOKEN=error  conftest.cpp  >&5
configure:10263: $? = 0
configure:10280: result: yes
configure:10318: checking whether the C++ compiler accepts -Wconversion
configure:10344: g++ -o conftest -O2
-g -Werror -Wundef -Wmissing-format-attribute -Wconversion  -DPROGNAME_TOKEN=error  conftest.cpp  >&5
configure:10350: $? = 0
configure:10367: result: yes
configure:10405: checking whether the C++ compiler accepts -Wwrite-strings
configure:10431: g++ -o conftest -O2
-g -Werror -Wundef -Wmissing-format-attribute -Wconversion -Wwrite-strings  -DPROGNAME_TOKEN=error  conftest.cpp  >&5
configure:10437: $? = 0
configure:10454: result: yes
configure:10492: checking whether the C++ compiler accepts -Wenum-clash
configure:10518: g++ -o conftest -O2
-g -Werror -Wundef -Wmissing-format-attribute -Wconversion -Wwrite-strings -Wenum-clash  -DPROGNAME_TOKEN=error  conftest.cpp  >&5
cc1plus: error: unrecognized command line option "-Wenum-clash"
configure:10524: $? = 1
configure: failed program was:
| /* confdefs.h.  */
| #define PACKAGE_NAME ""
| #define PACKAGE_TARNAME ""
| #define PACKAGE_VERSION ""
| #define PACKAGE_STRING ""
| #define PACKAGE_BUGREPORT ""
| /* end confdefs.h.  */
| 
| int
| main ()
| {
| 
|   ;
|   return 0;
| }
configure:10541: result: no
configure:10579: checking whether the C++ compiler accepts -Wsign-promo
configure:10605: g++ -o conftest -O2
-g -Werror -Wundef -Wmissing-format-attribute -Wconversion -Wwrite-strings -Wsign-promo  -DPROGNAME_TOKEN=error  conftest.cpp  >&5
configure:10611: $? = 0
configure:10628: result: yes
configure:10667: checking for sqrt in -lm
configure:10702: gcc -o conftest -Wall -W -Wpointer-arith -Wno-cast-align -Wmissing-prototypes -Wundef -Wmissing-format-attribute -Wwrite-strings -g -O2  -DPROGNAME_TOKEN=error  conftest.c -lm   >&5
conftest.c:15: warning: conflicting types for built-in function 'sqrt'
configure:10708: $? = 0
configure:10726: result: yes
configure:10760: checking if malloc debugging is wanted
configure:10780: result: no
configure:11274: checking how to run the C preprocessor
configure:11390: result: gcc -E
configure:11419: gcc -E  -DPROGNAME_TOKEN=error conftest.c
configure:11425: $? = 0
configure:11456: gcc -E  -DPROGNAME_TOKEN=error conftest.c
conftest.c:9:28: error: ac_nonexistent.h: No such file or directory
configure:11462: $? = 1
configure: failed program was:
| /* confdefs.h.  */
| #define PACKAGE_NAME ""
| #define PACKAGE_TARNAME ""
| #define PACKAGE_VERSION ""
| #define PACKAGE_STRING ""
| #define PACKAGE_BUGREPORT ""
| #define HAVE_LIBM 1
| /* end confdefs.h.  */
| #include <ac_nonexistent.h>
configure:11559: checking whether make sets $(MAKE)
configure:11580: result: yes
configure:11602: checking for a BSD-compatible install
configure:11658: result: /usr/bin/install -c
configure:11669: checking whether ln -s works
configure:11673: result: yes
configure:11724: checking for ranlib
configure:11740: found /usr/bin/ranlib
configure:11751: result: ranlib
configure:11782: checking for ar
configure:11800: found /usr/bin/ar
configure:11812: result: /usr/bin/ar
configure:11828: checking for perl
configure:11846: found /usr/bin/perl
configure:11858: result: /usr/bin/perl
configure:11874: checking for perl
configure:11892: found /usr/bin/perl
configure:11904: result: /usr/bin/perl
configure:11921: checking for clisp
configure:11954: result: no
configure:11967: checking for clisp
configure:12000: result: no
configure:12014: checking for bison
configure:12047: result: no
configure:12059: checking for flex
configure:12092: result: no
configure:12104: checking for m4
configure:12137: result: no
configure:12150: checking for gperf
configure:12180: result: no
configure:12194: checking for assert.pl
configure:12224: result: no
configure:12236: checking for assert.pl
configure:12269: result: no
configure:12282: checking for makesymbol.pl
configure:12312: result: no
configure:12324: checking for makesymbol.pl
configure:12357: result: no
configure:12370: checking for makelookup.pl
configure:12400: result: no
configure:12412: checking for makelookup.pl
configure:12445: result: no
configure:12458: checking for erwin-cgen
configure:12488: result: no
configure:12500: checking for erwin-cgen
configure:12533: result: no
configure:12701: checking for svn
configure:12734: result: no
configure:12768: checking for untemplatize2
configure:12801: result: no
configure:12808: checking for untemplatize
configure:12841: result: no
configure:12898: checking for uklambda
configure:12928: result: no
configure:12898: checking for lambda
configure:12928: result: no
configure:12941: checking for odvips
configure:12971: result: no
configure:12992: checking for uklatex
configure:13022: result: no
configure:12992: checking for latex
configure:13022: result: no
configure:13035: checking for dvips
configure:13065: result: no
configure:13078: checking whether LaTeX has version >= 2e
configure:13120: result: "no"
configure:13233: checking for ranlib
configure:13260: result: ranlib
configure:13290: checking for ar
configure:13320: result: /usr/bin/ar
configure:13479: creating ./config.status

## ---------------------- ##
## Running config.status. ##
## ---------------------- ##

This file was extended by config.status, which was
generated by GNU Autoconf 2.61.  Invocation command line was

  CONFIG_FILES    = 
  CONFIG_HEADERS  = 
  CONFIG_LINKS    = 
  CONFIG_COMMANDS = 
  $ ./config.status 

on BEDROCK

config.status:700: creating Makefile
config.status:700: creating include/Makefile
config.status:700: creating include/error/Makefile
config.status:700: creating test/Makefile
config.status:700: creating eprintf/Makefile
config.status:700: creating doc/Makefile
config.status:700: creating errcodes
config.status:700: creating make/Defs
config.status:700: creating make/Rules
config.status:700: creating liberror-version.in
config.status:700: creating include/error/err-config.h
config.status:923: executing default commands
configure:14691: === configuring in erwin (/home/djkucera/src/rushhour/liberror-2.1.89882/erwin)
configure:14794: running /bin/bash ./configure '--prefix=/usr/local'  --cache-file=/dev/null --srcdir=.

## ---------------- ##
## Cache variables. ##
## ---------------- ##

ac_cv_build=i686-pc-linux-gnu
ac_cv_c_compiler_gnu=yes
ac_cv_cxx_compiler_gnu=yes
ac_cv_env_CCC_set=
ac_cv_env_CCC_value=
ac_cv_env_CC_set=
ac_cv_env_CC_value=
ac_cv_env_CFLAGS_set=
ac_cv_env_CFLAGS_value=
ac_cv_env_CPPFLAGS_set=
ac_cv_env_CPPFLAGS_value=
ac_cv_env_CPP_set=
ac_cv_env_CPP_value=
ac_cv_env_CXXCPP_set=
ac_cv_env_CXXCPP_value=
ac_cv_env_CXXFLAGS_set=
ac_cv_env_CXXFLAGS_value=
ac_cv_env_CXX_set=
ac_cv_env_CXX_value=
ac_cv_env_LDFLAGS_set=
ac_cv_env_LDFLAGS_value=
ac_cv_env_LIBS_set=
ac_cv_env_LIBS_value=
ac_cv_env_build_alias_set=
ac_cv_env_build_alias_value=
ac_cv_env_host_alias_set=
ac_cv_env_host_alias_value=
ac_cv_env_target_alias_set=
ac_cv_env_target_alias_value=
ac_cv_host=i686-pc-linux-gnu
ac_cv_lib_m_sqrt=yes
ac_cv_objext=o
ac_cv_path_AR=/usr/bin/ar
ac_cv_path_PERL=/usr/bin/perl
ac_cv_path_PERL_OR_ERR=/usr/bin/perl
ac_cv_path_install='/usr/bin/install -c'
ac_cv_prog_CPP='gcc -E'
ac_cv_prog_CXXCPP='g++ -E'
ac_cv_prog_ac_ct_CC=gcc
ac_cv_prog_ac_ct_CXX=g++
ac_cv_prog_ac_ct_RANLIB=ranlib
ac_cv_prog_cc_c89=
ac_cv_prog_cc_g=yes
ac_cv_prog_cxx_g=yes
ac_cv_prog_make_make_set=yes
ac_cv_target=i686-pc-linux-gnu
er_cv_CFLAGS__W=yes
er_cv_CFLAGS__Wall=yes
er_cv_CFLAGS__Wmissing_format_attribute=yes
er_cv_CFLAGS__Wmissing_prototypes=yes
er_cv_CFLAGS__Wno_cast_align=yes
er_cv_CFLAGS__Wpointer_arith=yes
er_cv_CFLAGS__Wstrict_prototypes=no
er_cv_CFLAGS__Wundef=yes
er_cv_CFLAGS__Wwrite_strings=yes
er_cv_CXXFLAGS__O2=yes
er_cv_CXXFLAGS__W=yes
er_cv_CXXFLAGS__Wall=yes
er_cv_CXXFLAGS__Wconversion=yes
er_cv_CXXFLAGS__Wenum_clash=no
er_cv_CXXFLAGS__Wmissing_format_attribute=yes
er_cv_CXXFLAGS__Wno_cast_align=yes
er_cv_CXXFLAGS__Woverloaded_virtual=yes
er_cv_CXXFLAGS__Wpointer_arith=yes
er_cv_CXXFLAGS__Wsign_promo=yes
er_cv_CXXFLAGS__Wundef=yes
er_cv_CXXFLAGS__Wwrite_strings=yes
er_cv_CXXFLAGS__g=yes
er_cv_latex_2e=no

## ----------------- ##
## Output variables. ##
## ----------------- ##

AR='/usr/bin/ar'
BASE_VERSION='2.1'
BISON=''
BRANCH='(not available)'
CC='gcc'
CFLAGS='-Wall -W -Wpointer-arith -Wno-cast-align -Wmissing-prototypes -Wundef -Wmissing-format-attribute -Wwrite-strings -g -O2'
CLISP=':'
CLISP_OR_ERR='_no_clisp_'
CPP='gcc -E'
CPPFLAGS=' -DPROGNAME_TOKEN=error'
CXX='g++'
CXXCPP='g++ -E'
CXXFLAGS='-Wall -W -Wpointer-arith -Wno-cast-align -Woverloaded-virtual -O2 -g -Wundef -Wmissing-format-attribute -Wconversion -Wwrite-strings -Wsign-promo'
DEFINES=''
DEFS='-DHAVE_CONFIG_H'
DOXYGEN=':'
DVIPS=':'
ECHO_C=''
ECHO_N='-n'
ECHO_T=''
ERWIN_CGEN=''
EXEEXT=''
FLEX=''
FUNDAMENTAL_MODE='-*- Mode: Fundamental -*-'
GCC_FALSE=' # '
GCC_TRUE=''
GNUC_FALSE=' # '
GNUC_TRUE=''
GNUG_FALSE=' # '
GNUG_TRUE=''
GPERF=':'
GXX_FALSE=' # '
GXX_TRUE=''
INSTALL_DATA='${INSTALL} -m 644'
INSTALL_PROGRAM='${INSTALL}'
INSTALL_SCRIPT='${INSTALL}'
LAMBDA=':'
LATEX=':'
LDFLAGS=''
LIBERROR_VERSION=''
LIBOBJS=''
LIBS='-lm '
LINK_CXX='0'
LN_S='ln -s'
LTLIBOBJS=''
M4=''
MAKEFAILURE=''
MAKELOOKUP=''
MAKESYMBOL=''
MORE_CFLAGS=''
MORE_CPPFLAGS=''
MORE_CXXFLAGS=''
MORE_LDFLAGS=''
NDEBUG='0'
OBJEXT='o'
ODVIPS=':'
PACKAGE_BUGREPORT=''
PACKAGE_NAME=''
PACKAGE_STRING=''
PACKAGE_TARNAME=''
PACKAGE_VERSION=''
PATH_ERWIN_CGEN=''
PATH_MAKEFAILURE=''
PATH_MAKELOOKUP=''
PATH_MAKESYMBOL=''
PATH_SEPARATOR=':'
PATTERN=':'
PERL='/usr/bin/perl'
PERL_OR_ERR='/usr/bin/perl'
PROGNAME='error'
PROGNAME_UC='ERROR'
RANLIB='ranlib'
RELEASE='0'
SET_MAKE=''
SHELL='/bin/bash'
SVN=':'
WINCFLAGS=' /O2 /MD'
WINCPPFLAGS=' /D_CRT_SECURE_NO_DEPRECATE /D_CRT_NONSTDC_NO_DEPRECATE'
WINCXXFLAGS=' /O2 /MD'
WINDIR='/home/djkucera/winnt'
WINLDFLAGS=''
WINPREFIX='E:\WINNT'
WIN_INC=''
WIN_LIBS=''
WIN_LIBS_SYSTEM=''
WITHOUT_CC='# '
WITHOUT_CXX='# '
WITH_CC=''
WITH_CXX=''
ac_ct_CC='gcc'
ac_ct_CXX='g++'
bindir='${exec_prefix}/bin'
build='i686-pc-linux-gnu'
build_alias=''
build_cpu='i686'
build_os='linux-gnu'
build_vendor='pc'
datadir='${datarootdir}'
datarootdir='${prefix}/share'
docdir='${datarootdir}/doc/${PACKAGE}'
dvidir='${docdir}'
exec_prefix='${prefix}'
host='i686-pc-linux-gnu'
host_alias=''
host_cpu='i686'
host_os='linux-gnu'
host_vendor='pc'
htmldir='${docdir}'
includedir='${prefix}/include'
infodir='${datarootdir}/info'
libdir='${exec_prefix}/lib'
libexecdir='${exec_prefix}/libexec'
localedir='${datarootdir}/locale'
localstatedir='${prefix}/var'
mandir='${datarootdir}/man'
mydatadir='${datadir}/${PROGNAME}'
mydocdir='${packagedocdir}/${PROGNAME}'
mylibexecdir='${libexecdir}/${PROGNAME}'
mylocalstatedir='${localstatedir}/${PROGNAME}'
mysharedstatedir='${sharedstatedir}/${PROGNAME}'
mysysconfdir='${sysconfdir}/${PROGNAME}'
oldincludedir='/usr/include'
packagedocdir='${datadir}/doc/packages'
pdfdir='${docdir}'
prefix='/usr/local'
program_transform_name='s,x,x,'
psdir='${docdir}'
resolved_top_srcdir='/home/djkucera/src/rushhour/liberror-2.1.89882'
sbindir='${exec_prefix}/sbin'
sharedstatedir='${prefix}/com'
subdirs=' erwin'
sysconfdir='${prefix}/etc'
target='i686-pc-linux-gnu'
target_alias=''
target_cpu='i686'
target_os='linux-gnu'
target_vendor='pc'
untemplatize2=''
untemplatize=''

## ----------- ##
## confdefs.h. ##
## ----------- ##

#define PACKAGE_NAME ""
#define PACKAGE_TARNAME ""
#define PACKAGE_VERSION ""
#define PACKAGE_STRING ""
#define PACKAGE_BUGREPORT ""
#define HAVE_LIBM 1
#define ERR_HAVE_STDERR 1

configure: exit 0

## ---------------------- ##
## Running config.status. ##
## ---------------------- ##

This file was extended by config.status, which was
generated by GNU Autoconf 2.61.  Invocation command line was

  CONFIG_FILES    = 
  CONFIG_HEADERS  = 
  CONFIG_LINKS    = 
  CONFIG_COMMANDS = 
  $ ./config.status 

on BEDROCK

config.status:700: creating Makefile
config.status:700: creating include/Makefile
config.status:700: creating include/error/Makefile
config.status:700: creating test/Makefile
config.status:700: creating eprintf/Makefile
config.status:700: creating doc/Makefile
config.status:700: creating errcodes
config.status:700: creating make/Defs
config.status:700: creating make/Rules
config.status:700: creating liberror-version.in
config.status:923: executing default commands

## ---------------------- ##
## Running config.status. ##
## ---------------------- ##

This file was extended by config.status, which was
generated by GNU Autoconf 2.61.  Invocation command line was

  CONFIG_FILES    = 
  CONFIG_HEADERS  = 
  CONFIG_LINKS    = 
  CONFIG_COMMANDS = 
  $ ./config.status 

on BEDROCK

config.status:700: creating Makefile
config.status:700: creating include/Makefile
config.status:700: creating include/error/Makefile
config.status:700: creating test/Makefile
config.status:700: creating eprintf/Makefile
config.status:700: creating doc/Makefile
config.status:700: creating errcodes
config.status:700: creating make/Defs
config.status:700: creating make/Rules
config.status:700: creating liberror-version.in
config.status:923: executing default commands

## ---------------------- ##
## Running config.status. ##
## ---------------------- ##

This file was extended by config.status, which was
generated by GNU Autoconf 2.61.  Invocation command line was

  CONFIG_FILES    = 
  CONFIG_HEADERS  = 
  CONFIG_LINKS    = 
  CONFIG_COMMANDS = 
  $ ./config.status 

on BEDROCK

config.status:700: creating Makefile
config.status:700: creating include/Makefile
config.status:700: creating include/error/Makefile
config.status:700: creating test/Makefile
config.status:700: creating eprintf/Makefile
config.status:700: creating doc/Makefile
config.status:700: creating errcodes
config.status:700: creating make/Defs
config.status:700: creating make/Rules
config.status:700: creating liberror-version.in
config.status:923: executing default commands

## ---------------------- ##
## Running config.status. ##
## ---------------------- ##

This file was extended by config.status, which was
generated by GNU Autoconf 2.61.  Invocation command line was

  CONFIG_FILES    = 
  CONFIG_HEADERS  = 
  CONFIG_LINKS    = 
  CONFIG_COMMANDS = 
  $ ./config.status 

on BEDROCK

config.status:700: creating Makefile
config.status:700: creating include/Makefile
config.status:700: creating include/error/Makefile
config.status:700: creating test/Makefile
config.status:700: creating eprintf/Makefile
config.status:700: creating doc/Makefile
config.status:700: creating errcodes
config.status:700: creating make/Defs
config.status:700: creating make/Rules
config.status:700: creating liberror-version.in
config.status:923: executing default commands

## ---------------------- ##
## Running config.status. ##
## ---------------------- ##

This file was extended by config.status, which was
generated by GNU Autoconf 2.61.  Invocation command line was

  CONFIG_FILES    = 
  CONFIG_HEADERS  = 
  CONFIG_LINKS    = 
  CONFIG_COMMANDS = 
  $ ./config.status 

on BEDROCK

config.status:700: creating Makefile
config.status:700: creating include/Makefile
config.status:700: creating include/error/Makefile
config.status:700: creating test/Makefile
config.status:700: creating eprintf/Makefile
config.status:700: creating doc/Makefile
config.status:700: creating errcodes
config.status:700: creating make/Defs
config.status:700: creating make/Rules
config.status:700: creating liberror-version.in
config.status:923: executing default commands

## ---------------------- ##
## Running config.status. ##
## ---------------------- ##

This file was extended by config.status, which was
generated by GNU Autoconf 2.61.  Invocation command line was

  CONFIG_FILES    = 
  CONFIG_HEADERS  = 
  CONFIG_LINKS    = 
  CONFIG_COMMANDS = 
  $ ./config.status 

on BEDROCK

config.status:700: creating Makefile
config.status:700: creating include/Makefile
config.status:700: creating include/error/Makefile
config.status:700: creating test/Makefile
config.status:700: creating eprintf/Makefile
config.status:700: creating doc/Makefile
config.status:700: creating errcodes
config.status:700: creating make/Defs
config.status:700: creating make/Rules
config.status:700: creating liberror-version.in
config.status:923: executing default commands
